#
# There is insufficient memory for the Java Runtime Environment to continue.
# Native memory allocation (malloc) failed to allocate 1583840 bytes for Chunk::new
# Possible reasons:
#   The system is out of physical RAM or swap space
#   The process is running with CompressedOops enabled, and the Java Heap may be blocking the growth of the native heap
# Possible solutions:
#   Reduce memory load on the system
#   Increase physical memory or swap space
#   Check if swap backing store is full
#   Decrease Java heap size (-Xmx/-Xms)
#   Decrease number of Java threads
#   Decrease Java thread stack sizes (-Xss)
#   Set larger code cache with -XX:ReservedCodeCacheSize=
#   JVM is running with Unscaled Compressed Oops mode in which the Java heap is
#     placed in the first 4GB address space. The Java Heap base address is the
#     maximum limit for the native heap growth. Please use -XX:HeapBaseMinAddress
#     to set the Java Heap base and to place the Java Heap above 4GB virtual address.
# This output file may be truncated or incomplete.
#
#  Out of Memory Error (arena.cpp:189), pid=10104, tid=12228
#
# JRE version: Java(TM) SE Runtime Environment (17.0.10+11) (build 17.0.10+11-LTS-240)
# Java VM: Java HotSpot(TM) 64-Bit Server VM (17.0.10+11-LTS-240, mixed mode, sharing, tiered, compressed oops, compressed class ptrs, g1 gc, windows-amd64)
# No core dump will be written. Minidumps are not enabled by default on client versions of Windows
#

---------------  S U M M A R Y ------------

Command Line: -Dclassworlds.conf=C:\Program Files\Apache\maven\bin\m2.conf -Dmaven.home=C:\Program Files\Apache\maven -Dlibrary.jansi.path=C:\Program Files\Apache\maven\lib\jansi-native -Dmaven.multiModuleProjectDirectory=D:\PROYECTO-CAC-BACKEND\webapp org.codehaus.plexus.classworlds.launcher.Launcher install -f d:\PROYECTO-CAC-BACKEND\webapp\pom.xml

Host: AMD 3020e with Radeon Graphics                 , 2 cores, 5G,  Windows 10 , 64 bit Build 19041 (10.0.19041.3636)
Time: Sat Jul  6 11:41:34 2024 Hora estándar de Argentina elapsed time: 3.465827 seconds (0d 0h 0m 3s)

---------------  T H R E A D  ---------------

Current thread (0x000001a52de69580):  JavaThread "C2 CompilerThread0" daemon [_thread_in_native, id=12228, stack(0x000000a433400000,0x000000a433500000)]


Current CompileTask:
C2:   3466 1786   !   4       java.net.URL::<init> (543 bytes)

Stack: [0x000000a433400000,0x000000a433500000]
Native frames: (J=compiled Java code, j=interpreted, Vv=VM code, C=native code)
V  [jvm.dll+0x677a5a]
V  [jvm.dll+0x7d8b2d]
V  [jvm.dll+0x7da48e]
V  [jvm.dll+0x7daaf3]
V  [jvm.dll+0x2455ff]
V  [jvm.dll+0xaaafb]
V  [jvm.dll+0xab09c]
V  [jvm.dll+0x361bae]
V  [jvm.dll+0x32c211]
V  [jvm.dll+0x32b6aa]
V  [jvm.dll+0x21794f]
V  [jvm.dll+0x216d81]
V  [jvm.dll+0x1a3410]
V  [jvm.dll+0x226aeb]
V  [jvm.dll+0x224cab]
V  [jvm.dll+0x78e45c]
V  [jvm.dll+0x78888a]
V  [jvm.dll+0x676935]
C  [ucrtbase.dll+0x21bb2]
C  [KERNEL32.DLL+0x17344]
C  [ntdll.dll+0x526b1]


---------------  P R O C E S S  ---------------

Threads class SMR info:
_java_thread_list=0x000001a5734748e0, length=12, elements={
0x000001a511d2fea0, 0x000001a52de51940, 0x000001a52de527c0, 0x000001a52de63880,
0x000001a52de65450, 0x000001a52de67e20, 0x000001a52de687e0, 0x000001a52de69580,
0x000001a52de75d00, 0x000001a52de906e0, 0x000001a573193cb0, 0x000001a57319c450
}

Java Threads: ( => current thread )
  0x000001a511d2fea0 JavaThread "main" [_thread_in_vm, id=10652, stack(0x000000a432700000,0x000000a432800000)]
  0x000001a52de51940 JavaThread "Reference Handler" daemon [_thread_blocked, id=2044, stack(0x000000a432e00000,0x000000a432f00000)]
  0x000001a52de527c0 JavaThread "Finalizer" daemon [_thread_blocked, id=11948, stack(0x000000a432f00000,0x000000a433000000)]
  0x000001a52de63880 JavaThread "Signal Dispatcher" daemon [_thread_blocked, id=10832, stack(0x000000a433000000,0x000000a433100000)]
  0x000001a52de65450 JavaThread "Attach Listener" daemon [_thread_blocked, id=7324, stack(0x000000a433100000,0x000000a433200000)]
  0x000001a52de67e20 JavaThread "Service Thread" daemon [_thread_blocked, id=7608, stack(0x000000a433200000,0x000000a433300000)]
  0x000001a52de687e0 JavaThread "Monitor Deflation Thread" daemon [_thread_blocked, id=12224, stack(0x000000a433300000,0x000000a433400000)]
=>0x000001a52de69580 JavaThread "C2 CompilerThread0" daemon [_thread_in_native, id=12228, stack(0x000000a433400000,0x000000a433500000)]
  0x000001a52de75d00 JavaThread "C1 CompilerThread0" daemon [_thread_blocked, id=11312, stack(0x000000a433500000,0x000000a433600000)]
  0x000001a52de906e0 JavaThread "Sweeper thread" daemon [_thread_blocked, id=11320, stack(0x000000a433600000,0x000000a433700000)]
  0x000001a573193cb0 JavaThread "Notification Thread" daemon [_thread_blocked, id=11316, stack(0x000000a433700000,0x000000a433800000)]
  0x000001a57319c450 JavaThread "Common-Cleaner" daemon [_thread_blocked, id=11816, stack(0x000000a433900000,0x000000a433a00000)]

Other Threads:
  0x000001a511e07400 VMThread "VM Thread" [stack: 0x000000a432d00000,0x000000a432e00000] [id=6324]
  0x000001a5731981b0 WatcherThread [stack: 0x000000a433800000,0x000000a433900000] [id=7948]
  0x000001a511d79bc0 GCTaskThread "GC Thread#0" [stack: 0x000000a432800000,0x000000a432900000] [id=1288]
  0x000001a573522090 GCTaskThread "GC Thread#1" [stack: 0x000000a433a00000,0x000000a433b00000] [id=652]
  0x000001a511d87760 ConcurrentGCThread "G1 Main Marker" [stack: 0x000000a432900000,0x000000a432a00000] [id=11568]
  0x000001a511d89920 ConcurrentGCThread "G1 Conc#0" [stack: 0x000000a432a00000,0x000000a432b00000] [id=12000]
  0x000001a511de4720 ConcurrentGCThread "G1 Refine#0" [stack: 0x000000a432b00000,0x000000a432c00000] [id=5760]
  0x000001a511de5150 ConcurrentGCThread "G1 Service" [stack: 0x000000a432c00000,0x000000a432d00000] [id=11780]

Threads with active compile tasks:
C2 CompilerThread0     3528 1786   !   4       java.net.URL::<init> (543 bytes)

VM state: not at safepoint (normal execution)

VM Mutex/Monitor currently owned by a thread:  ([mutex/lock_event])
[0x000001a511d27310] Metaspace_lock - owner thread: 0x000001a511d2fea0

Heap address: 0x00000000a1e00000, size: 1506 MB, Compressed Oops mode: 32-bit

CDS archive(s) mapped at: [0x000001a52e000000-0x000001a52ebd0000-0x000001a52ebd0000), size 12386304, SharedBaseAddress: 0x000001a52e000000, ArchiveRelocationMode: 1.
Compressed class space mapped at: 0x000001a52f000000-0x000001a56f000000, reserved size: 1073741824
Narrow klass base: 0x000001a52e000000, Narrow klass shift: 0, Narrow klass range: 0x100000000

GC Precious Log:
 CPUs: 2 total, 2 available
 Memory: 6023M
 Large Page Support: Disabled
 NUMA Support: Disabled
 Compressed Oops: Enabled (32-bit)
 Heap Region Size: 1M
 Heap Min Capacity: 8M
 Heap Initial Capacity: 96M
 Heap Max Capacity: 1506M
 Pre-touch: Disabled
 Parallel Workers: 2
 Concurrent Workers: 1
 Concurrent Refinement Workers: 2
 Periodic GC: Disabled

Heap:
 garbage-first heap   total 98304K, used 39628K [0x00000000a1e00000, 0x0000000100000000)
  region size 1024K, 38 young (38912K), 2 survivors (2048K)
 Metaspace       used 10608K, committed 10688K, reserved 1114112K
  class space    used 1296K, committed 1344K, reserved 1048576K

Heap Regions: E=young(eden), S=young(survivor), O=old, HS=humongous(starts), HC=humongous(continues), CS=collection set, F=free, OA=open archive, CA=closed archive, TAMS=top-at-mark-start (previous, next)
|   0|0x00000000a1e00000, 0x00000000a1f00000, 0x00000000a1f00000|100%| O|  |TAMS 0x00000000a1e00000, 0x00000000a1e00000| Untracked 
|   1|0x00000000a1f00000, 0x00000000a2000000, 0x00000000a2000000|100%| O|  |TAMS 0x00000000a1f00000, 0x00000000a1f00000| Untracked 
|   2|0x00000000a2000000, 0x00000000a200ca00, 0x00000000a2100000|  4%| O|  |TAMS 0x00000000a2000000, 0x00000000a2000000| Untracked 
|   3|0x00000000a2100000, 0x00000000a2100000, 0x00000000a2200000|  0%| F|  |TAMS 0x00000000a2100000, 0x00000000a2100000| Untracked 
|   4|0x00000000a2200000, 0x00000000a2200000, 0x00000000a2300000|  0%| F|  |TAMS 0x00000000a2200000, 0x00000000a2200000| Untracked 
|   5|0x00000000a2300000, 0x00000000a2300000, 0x00000000a2400000|  0%| F|  |TAMS 0x00000000a2300000, 0x00000000a2300000| Untracked 
|   6|0x00000000a2400000, 0x00000000a2400000, 0x00000000a2500000|  0%| F|  |TAMS 0x00000000a2400000, 0x00000000a2400000| Untracked 
|   7|0x00000000a2500000, 0x00000000a2500000, 0x00000000a2600000|  0%| F|  |TAMS 0x00000000a2500000, 0x00000000a2500000| Untracked 
|   8|0x00000000a2600000, 0x00000000a2600000, 0x00000000a2700000|  0%| F|  |TAMS 0x00000000a2600000, 0x00000000a2600000| Untracked 
|   9|0x00000000a2700000, 0x00000000a2700000, 0x00000000a2800000|  0%| F|  |TAMS 0x00000000a2700000, 0x00000000a2700000| Untracked 
|  10|0x00000000a2800000, 0x00000000a2800000, 0x00000000a2900000|  0%| F|  |TAMS 0x00000000a2800000, 0x00000000a2800000| Untracked 
|  11|0x00000000a2900000, 0x00000000a2900000, 0x00000000a2a00000|  0%| F|  |TAMS 0x00000000a2900000, 0x00000000a2900000| Untracked 
|  12|0x00000000a2a00000, 0x00000000a2a00000, 0x00000000a2b00000|  0%| F|  |TAMS 0x00000000a2a00000, 0x00000000a2a00000| Untracked 
|  13|0x00000000a2b00000, 0x00000000a2b00000, 0x00000000a2c00000|  0%| F|  |TAMS 0x00000000a2b00000, 0x00000000a2b00000| Untracked 
|  14|0x00000000a2c00000, 0x00000000a2c00000, 0x00000000a2d00000|  0%| F|  |TAMS 0x00000000a2c00000, 0x00000000a2c00000| Untracked 
|  15|0x00000000a2d00000, 0x00000000a2d00000, 0x00000000a2e00000|  0%| F|  |TAMS 0x00000000a2d00000, 0x00000000a2d00000| Untracked 
|  16|0x00000000a2e00000, 0x00000000a2e00000, 0x00000000a2f00000|  0%| F|  |TAMS 0x00000000a2e00000, 0x00000000a2e00000| Untracked 
|  17|0x00000000a2f00000, 0x00000000a2f00000, 0x00000000a3000000|  0%| F|  |TAMS 0x00000000a2f00000, 0x00000000a2f00000| Untracked 
|  18|0x00000000a3000000, 0x00000000a3000000, 0x00000000a3100000|  0%| F|  |TAMS 0x00000000a3000000, 0x00000000a3000000| Untracked 
|  19|0x00000000a3100000, 0x00000000a3100000, 0x00000000a3200000|  0%| F|  |TAMS 0x00000000a3100000, 0x00000000a3100000| Untracked 
|  20|0x00000000a3200000, 0x00000000a3200000, 0x00000000a3300000|  0%| F|  |TAMS 0x00000000a3200000, 0x00000000a3200000| Untracked 
|  21|0x00000000a3300000, 0x00000000a3300000, 0x00000000a3400000|  0%| F|  |TAMS 0x00000000a3300000, 0x00000000a3300000| Untracked 
|  22|0x00000000a3400000, 0x00000000a3400000, 0x00000000a3500000|  0%| F|  |TAMS 0x00000000a3400000, 0x00000000a3400000| Untracked 
|  23|0x00000000a3500000, 0x00000000a3500000, 0x00000000a3600000|  0%| F|  |TAMS 0x00000000a3500000, 0x00000000a3500000| Untracked 
|  24|0x00000000a3600000, 0x00000000a3600000, 0x00000000a3700000|  0%| F|  |TAMS 0x00000000a3600000, 0x00000000a3600000| Untracked 
|  25|0x00000000a3700000, 0x00000000a3700000, 0x00000000a3800000|  0%| F|  |TAMS 0x00000000a3700000, 0x00000000a3700000| Untracked 
|  26|0x00000000a3800000, 0x00000000a3800000, 0x00000000a3900000|  0%| F|  |TAMS 0x00000000a3800000, 0x00000000a3800000| Untracked 
|  27|0x00000000a3900000, 0x00000000a3900000, 0x00000000a3a00000|  0%| F|  |TAMS 0x00000000a3900000, 0x00000000a3900000| Untracked 
|  28|0x00000000a3a00000, 0x00000000a3a00000, 0x00000000a3b00000|  0%| F|  |TAMS 0x00000000a3a00000, 0x00000000a3a00000| Untracked 
|  29|0x00000000a3b00000, 0x00000000a3b00000, 0x00000000a3c00000|  0%| F|  |TAMS 0x00000000a3b00000, 0x00000000a3b00000| Untracked 
|  30|0x00000000a3c00000, 0x00000000a3c00000, 0x00000000a3d00000|  0%| F|  |TAMS 0x00000000a3c00000, 0x00000000a3c00000| Untracked 
|  31|0x00000000a3d00000, 0x00000000a3d00000, 0x00000000a3e00000|  0%| F|  |TAMS 0x00000000a3d00000, 0x00000000a3d00000| Untracked 
|  32|0x00000000a3e00000, 0x00000000a3e00000, 0x00000000a3f00000|  0%| F|  |TAMS 0x00000000a3e00000, 0x00000000a3e00000| Untracked 
|  33|0x00000000a3f00000, 0x00000000a3f00000, 0x00000000a4000000|  0%| F|  |TAMS 0x00000000a3f00000, 0x00000000a3f00000| Untracked 
|  34|0x00000000a4000000, 0x00000000a4000000, 0x00000000a4100000|  0%| F|  |TAMS 0x00000000a4000000, 0x00000000a4000000| Untracked 
|  35|0x00000000a4100000, 0x00000000a4100000, 0x00000000a4200000|  0%| F|  |TAMS 0x00000000a4100000, 0x00000000a4100000| Untracked 
|  36|0x00000000a4200000, 0x00000000a4200000, 0x00000000a4300000|  0%| F|  |TAMS 0x00000000a4200000, 0x00000000a4200000| Untracked 
|  37|0x00000000a4300000, 0x00000000a4300000, 0x00000000a4400000|  0%| F|  |TAMS 0x00000000a4300000, 0x00000000a4300000| Untracked 
|  38|0x00000000a4400000, 0x00000000a4400000, 0x00000000a4500000|  0%| F|  |TAMS 0x00000000a4400000, 0x00000000a4400000| Untracked 
|  39|0x00000000a4500000, 0x00000000a4500000, 0x00000000a4600000|  0%| F|  |TAMS 0x00000000a4500000, 0x00000000a4500000| Untracked 
|  40|0x00000000a4600000, 0x00000000a4600000, 0x00000000a4700000|  0%| F|  |TAMS 0x00000000a4600000, 0x00000000a4600000| Untracked 
|  41|0x00000000a4700000, 0x00000000a4700000, 0x00000000a4800000|  0%| F|  |TAMS 0x00000000a4700000, 0x00000000a4700000| Untracked 
|  42|0x00000000a4800000, 0x00000000a4800000, 0x00000000a4900000|  0%| F|  |TAMS 0x00000000a4800000, 0x00000000a4800000| Untracked 
|  43|0x00000000a4900000, 0x00000000a4900000, 0x00000000a4a00000|  0%| F|  |TAMS 0x00000000a4900000, 0x00000000a4900000| Untracked 
|  44|0x00000000a4a00000, 0x00000000a4a00000, 0x00000000a4b00000|  0%| F|  |TAMS 0x00000000a4a00000, 0x00000000a4a00000| Untracked 
|  45|0x00000000a4b00000, 0x00000000a4b00000, 0x00000000a4c00000|  0%| F|  |TAMS 0x00000000a4b00000, 0x00000000a4b00000| Untracked 
|  46|0x00000000a4c00000, 0x00000000a4c00000, 0x00000000a4d00000|  0%| F|  |TAMS 0x00000000a4c00000, 0x00000000a4c00000| Untracked 
|  47|0x00000000a4d00000, 0x00000000a4d00000, 0x00000000a4e00000|  0%| F|  |TAMS 0x00000000a4d00000, 0x00000000a4d00000| Untracked 
|  48|0x00000000a4e00000, 0x00000000a4e00000, 0x00000000a4f00000|  0%| F|  |TAMS 0x00000000a4e00000, 0x00000000a4e00000| Untracked 
|  49|0x00000000a4f00000, 0x00000000a4f00000, 0x00000000a5000000|  0%| F|  |TAMS 0x00000000a4f00000, 0x00000000a4f00000| Untracked 
|  50|0x00000000a5000000, 0x00000000a5000000, 0x00000000a5100000|  0%| F|  |TAMS 0x00000000a5000000, 0x00000000a5000000| Untracked 
|  51|0x00000000a5100000, 0x00000000a5100000, 0x00000000a5200000|  0%| F|  |TAMS 0x00000000a5100000, 0x00000000a5100000| Untracked 
|  52|0x00000000a5200000, 0x00000000a5200000, 0x00000000a5300000|  0%| F|  |TAMS 0x00000000a5200000, 0x00000000a5200000| Untracked 
|  53|0x00000000a5300000, 0x00000000a5300000, 0x00000000a5400000|  0%| F|  |TAMS 0x00000000a5300000, 0x00000000a5300000| Untracked 
|  54|0x00000000a5400000, 0x00000000a5400000, 0x00000000a5500000|  0%| F|  |TAMS 0x00000000a5400000, 0x00000000a5400000| Untracked 
|  55|0x00000000a5500000, 0x00000000a5500000, 0x00000000a5600000|  0%| F|  |TAMS 0x00000000a5500000, 0x00000000a5500000| Untracked 
|  56|0x00000000a5600000, 0x00000000a5600000, 0x00000000a5700000|  0%| F|  |TAMS 0x00000000a5600000, 0x00000000a5600000| Untracked 
|  57|0x00000000a5700000, 0x00000000a5700000, 0x00000000a5800000|  0%| F|  |TAMS 0x00000000a5700000, 0x00000000a5700000| Untracked 
|  58|0x00000000a5800000, 0x00000000a5880800, 0x00000000a5900000| 50%| E|  |TAMS 0x00000000a5800000, 0x00000000a5800000| Complete 
|  59|0x00000000a5900000, 0x00000000a5a00000, 0x00000000a5a00000|100%| E|CS|TAMS 0x00000000a5900000, 0x00000000a5900000| Complete 
|  60|0x00000000a5a00000, 0x00000000a5b00000, 0x00000000a5b00000|100%| E|CS|TAMS 0x00000000a5a00000, 0x00000000a5a00000| Complete 
|  61|0x00000000a5b00000, 0x00000000a5c00000, 0x00000000a5c00000|100%| E|CS|TAMS 0x00000000a5b00000, 0x00000000a5b00000| Complete 
|  62|0x00000000a5c00000, 0x00000000a5d00000, 0x00000000a5d00000|100%| E|CS|TAMS 0x00000000a5c00000, 0x00000000a5c00000| Complete 
|  63|0x00000000a5d00000, 0x00000000a5e00000, 0x00000000a5e00000|100%| E|CS|TAMS 0x00000000a5d00000, 0x00000000a5d00000| Complete 
|  64|0x00000000a5e00000, 0x00000000a5f00000, 0x00000000a5f00000|100%| E|CS|TAMS 0x00000000a5e00000, 0x00000000a5e00000| Complete 
|  65|0x00000000a5f00000, 0x00000000a6000000, 0x00000000a6000000|100%| E|CS|TAMS 0x00000000a5f00000, 0x00000000a5f00000| Complete 
|  66|0x00000000a6000000, 0x00000000a6100000, 0x00000000a6100000|100%| E|CS|TAMS 0x00000000a6000000, 0x00000000a6000000| Complete 
|  67|0x00000000a6100000, 0x00000000a6200000, 0x00000000a6200000|100%| E|CS|TAMS 0x00000000a6100000, 0x00000000a6100000| Complete 
|  68|0x00000000a6200000, 0x00000000a6300000, 0x00000000a6300000|100%| E|CS|TAMS 0x00000000a6200000, 0x00000000a6200000| Complete 
|  69|0x00000000a6300000, 0x00000000a6400000, 0x00000000a6400000|100%| E|CS|TAMS 0x00000000a6300000, 0x00000000a6300000| Complete 
|  70|0x00000000a6400000, 0x00000000a6500000, 0x00000000a6500000|100%| E|CS|TAMS 0x00000000a6400000, 0x00000000a6400000| Complete 
|  71|0x00000000a6500000, 0x00000000a6600000, 0x00000000a6600000|100%| E|CS|TAMS 0x00000000a6500000, 0x00000000a6500000| Complete 
|  72|0x00000000a6600000, 0x00000000a6700000, 0x00000000a6700000|100%| E|CS|TAMS 0x00000000a6600000, 0x00000000a6600000| Complete 
|  73|0x00000000a6700000, 0x00000000a6800000, 0x00000000a6800000|100%| E|CS|TAMS 0x00000000a6700000, 0x00000000a6700000| Complete 
|  74|0x00000000a6800000, 0x00000000a6900000, 0x00000000a6900000|100%| E|CS|TAMS 0x00000000a6800000, 0x00000000a6800000| Complete 
|  75|0x00000000a6900000, 0x00000000a6a00000, 0x00000000a6a00000|100%| E|CS|TAMS 0x00000000a6900000, 0x00000000a6900000| Complete 
|  76|0x00000000a6a00000, 0x00000000a6b00000, 0x00000000a6b00000|100%| E|CS|TAMS 0x00000000a6a00000, 0x00000000a6a00000| Complete 
|  77|0x00000000a6b00000, 0x00000000a6c00000, 0x00000000a6c00000|100%| E|CS|TAMS 0x00000000a6b00000, 0x00000000a6b00000| Complete 
|  78|0x00000000a6c00000, 0x00000000a6d00000, 0x00000000a6d00000|100%| E|CS|TAMS 0x00000000a6c00000, 0x00000000a6c00000| Complete 
|  79|0x00000000a6d00000, 0x00000000a6e00000, 0x00000000a6e00000|100%| E|CS|TAMS 0x00000000a6d00000, 0x00000000a6d00000| Complete 
|  80|0x00000000a6e00000, 0x00000000a6f00000, 0x00000000a6f00000|100%| E|CS|TAMS 0x00000000a6e00000, 0x00000000a6e00000| Complete 
|  81|0x00000000a6f00000, 0x00000000a7000000, 0x00000000a7000000|100%| E|CS|TAMS 0x00000000a6f00000, 0x00000000a6f00000| Complete 
|  82|0x00000000a7000000, 0x00000000a7100000, 0x00000000a7100000|100%| E|CS|TAMS 0x00000000a7000000, 0x00000000a7000000| Complete 
|  83|0x00000000a7100000, 0x00000000a71a6828, 0x00000000a7200000| 65%| S|CS|TAMS 0x00000000a7100000, 0x00000000a7100000| Complete 
|  84|0x00000000a7200000, 0x00000000a7300000, 0x00000000a7300000|100%| S|CS|TAMS 0x00000000a7200000, 0x00000000a7200000| Complete 
|  85|0x00000000a7300000, 0x00000000a7400000, 0x00000000a7400000|100%| E|CS|TAMS 0x00000000a7300000, 0x00000000a7300000| Complete 
|  86|0x00000000a7400000, 0x00000000a7500000, 0x00000000a7500000|100%| E|CS|TAMS 0x00000000a7400000, 0x00000000a7400000| Complete 
|  87|0x00000000a7500000, 0x00000000a7600000, 0x00000000a7600000|100%| E|CS|TAMS 0x00000000a7500000, 0x00000000a7500000| Complete 
|  88|0x00000000a7600000, 0x00000000a7700000, 0x00000000a7700000|100%| E|CS|TAMS 0x00000000a7600000, 0x00000000a7600000| Complete 
|  89|0x00000000a7700000, 0x00000000a7800000, 0x00000000a7800000|100%| E|CS|TAMS 0x00000000a7700000, 0x00000000a7700000| Complete 
|  90|0x00000000a7800000, 0x00000000a7900000, 0x00000000a7900000|100%| E|CS|TAMS 0x00000000a7800000, 0x00000000a7800000| Complete 
|  91|0x00000000a7900000, 0x00000000a7a00000, 0x00000000a7a00000|100%| E|CS|TAMS 0x00000000a7900000, 0x00000000a7900000| Complete 
|  92|0x00000000a7a00000, 0x00000000a7b00000, 0x00000000a7b00000|100%| E|CS|TAMS 0x00000000a7a00000, 0x00000000a7a00000| Complete 
|  93|0x00000000a7b00000, 0x00000000a7c00000, 0x00000000a7c00000|100%| E|CS|TAMS 0x00000000a7b00000, 0x00000000a7b00000| Complete 
|  94|0x00000000a7c00000, 0x00000000a7d00000, 0x00000000a7d00000|100%| E|CS|TAMS 0x00000000a7c00000, 0x00000000a7c00000| Complete 
|  95|0x00000000a7d00000, 0x00000000a7e00000, 0x00000000a7e00000|100%| E|CS|TAMS 0x00000000a7d00000, 0x00000000a7d00000| Complete 

Card table byte_map: [0x000001a5285f0000,0x000001a5288f0000] _byte_map_base: 0x000001a5280e1000

Marking Bits (Prev, Next): (CMBitMap*) 0x000001a511d7b1f0, (CMBitMap*) 0x000001a511d7b230
 Prev Bits: [0x000001a528bf0000, 0x000001a52a378000)
 Next Bits: [0x000001a52a380000, 0x000001a52bb08000)

Polling page: 0x000001a50fd50000

Metaspace:

Usage:
  Non-class:      9.09 MB used.
      Class:      1.27 MB used.
       Both:     10.36 MB used.

Virtual space:
  Non-class space:       64.00 MB reserved,       9.12 MB ( 14%) committed,  1 nodes.
      Class space:        1.00 GB reserved,       1.31 MB ( <1%) committed,  1 nodes.
             Both:        1.06 GB reserved,      10.44 MB ( <1%) committed. 

Chunk freelists:
   Non-Class:  5.36 MB
       Class:  14.69 MB
        Both:  20.05 MB

MaxMetaspaceSize: unlimited
CompressedClassSpaceSize: 1.00 GB
Initial GC threshold: 21.00 MB
Current GC threshold: 21.00 MB
CDS: on
MetaspaceReclaimPolicy: balanced
 - commit_granule_bytes: 65536.
 - commit_granule_words: 8192.
 - virtual_space_node_default_size: 8388608.
 - enlarge_chunks_in_place: 1.
 - new_chunks_are_fully_committed: 0.
 - uncommit_free_chunks: 1.
 - use_allocation_guard: 0.
 - handle_deallocations: 1.


Internal statistics:

num_allocs_failed_limit: 0.
num_arena_births: 64.
num_arena_deaths: 0.
num_vsnodes_births: 2.
num_vsnodes_deaths: 0.
num_space_committed: 167.
num_space_uncommitted: 0.
num_chunks_returned_to_freelist: 0.
num_chunks_taken_from_freelist: 425.
num_chunk_merges: 0.
num_chunk_splits: 291.
num_chunks_enlarged: 236.
num_inconsistent_stats: 0.

CodeHeap 'non-profiled nmethods': size=120064Kb used=658Kb max_used=658Kb free=119406Kb
 bounds [0x000001a5210b0000, 0x000001a521320000, 0x000001a5285f0000]
CodeHeap 'profiled nmethods': size=120000Kb used=3697Kb max_used=3697Kb free=116302Kb
 bounds [0x000001a5195f0000, 0x000001a519990000, 0x000001a520b20000]
CodeHeap 'non-nmethods': size=5696Kb used=1156Kb max_used=1178Kb free=4539Kb
 bounds [0x000001a520b20000, 0x000001a520d90000, 0x000001a5210b0000]
 total_blobs=2272 nmethods=1824 adapters=361
 compilation: enabled
              stopped_count=0, restarted_count=0
 full_count=0

Compilation events (20 events):
Event: 3.268 Thread 0x000001a52de75d00 1812       3       java.util.stream.ReduceOps$ReduceOp::evaluateSequential (18 bytes)
Event: 3.269 Thread 0x000001a52de75d00 nmethod 1812 0x000001a519983110 code [0x000001a5199832e0, 0x000001a519983778]
Event: 3.273 Thread 0x000001a52de75d00 1813       3       java.util.stream.Collectors::toList (26 bytes)
Event: 3.274 Thread 0x000001a52de75d00 nmethod 1813 0x000001a519983910 code [0x000001a519983b00, 0x000001a519984128]
Event: 3.274 Thread 0x000001a52de75d00 1814       3       java.util.stream.Collectors$$Lambda$50/0x000001a52f066500::get (8 bytes)
Event: 3.274 Thread 0x000001a52de75d00 nmethod 1814 0x000001a519984310 code [0x000001a5199844c0, 0x000001a519984818]
Event: 3.275 Thread 0x000001a52de75d00 1815       3       java.util.ArrayList::toArray (12 bytes)
Event: 3.275 Thread 0x000001a52de75d00 nmethod 1815 0x000001a519984990 code [0x000001a519984b40, 0x000001a519984d28]
Event: 3.282 Thread 0x000001a52de75d00 1816       3       sun.reflect.annotation.AnnotatedTypeFactory::buildAnnotatedType (154 bytes)
Event: 3.285 Thread 0x000001a52de75d00 nmethod 1816 0x000001a519984e10 code [0x000001a5199851a0, 0x000001a519986c38]
Event: 3.289 Thread 0x000001a52de75d00 1817       3       com.google.inject.internal.MoreTypes::access$000 (6 bytes)
Event: 3.290 Thread 0x000001a52de75d00 nmethod 1817 0x000001a519987210 code [0x000001a5199873e0, 0x000001a519987828]
Event: 3.298 Thread 0x000001a52de75d00 1818       1       java.lang.StackTraceElement::getClassName (5 bytes)
Event: 3.298 Thread 0x000001a52de75d00 nmethod 1818 0x000001a521154510 code [0x000001a5211546a0, 0x000001a521154778]
Event: 3.298 Thread 0x000001a52de75d00 1819       3       com.google.inject.TypeLiteral::<init> (43 bytes)
Event: 3.299 Thread 0x000001a52de75d00 nmethod 1819 0x000001a519987910 code [0x000001a519987b20, 0x000001a5199881d8]
Event: 3.302 Thread 0x000001a52de75d00 1820       3       com.google.inject.spi.InjectionPoint::forInstanceMethodsAndFields (8 bytes)
Event: 3.303 Thread 0x000001a52de75d00 nmethod 1820 0x000001a519988410 code [0x000001a5199885c0, 0x000001a5199887d8]
Event: 3.317 Thread 0x000001a52de75d00 1821       3       com.google.common.collect.ImmutableList::copyOf (50 bytes)
Event: 3.318 Thread 0x000001a52de75d00 nmethod 1821 0x000001a519988910 code [0x000001a519988b80, 0x000001a519989698]

GC Heap History (6 events):
Event: 0.443 GC heap before
{Heap before GC invocations=0 (full 0):
 garbage-first heap   total 98304K, used 5120K [0x00000000a1e00000, 0x0000000100000000)
  region size 1024K, 6 young (6144K), 0 survivors (0K)
 Metaspace       used 1911K, committed 2048K, reserved 1114112K
  class space    used 187K, committed 256K, reserved 1048576K
}
Event: 0.447 GC heap after
{Heap after GC invocations=1 (full 0):
 garbage-first heap   total 98304K, used 1982K [0x00000000a1e00000, 0x0000000100000000)
  region size 1024K, 1 young (1024K), 1 survivors (1024K)
 Metaspace       used 1911K, committed 2048K, reserved 1114112K
  class space    used 187K, committed 256K, reserved 1048576K
}
Event: 0.879 GC heap before
{Heap before GC invocations=1 (full 0):
 garbage-first heap   total 98304K, used 6078K [0x00000000a1e00000, 0x0000000100000000)
  region size 1024K, 5 young (5120K), 1 survivors (1024K)
 Metaspace       used 2895K, committed 3072K, reserved 1114112K
  class space    used 306K, committed 384K, reserved 1048576K
}
Event: 0.886 GC heap after
{Heap after GC invocations=2 (full 0):
 garbage-first heap   total 98304K, used 3122K [0x00000000a1e00000, 0x0000000100000000)
  region size 1024K, 1 young (1024K), 1 survivors (1024K)
 Metaspace       used 2895K, committed 3072K, reserved 1114112K
  class space    used 306K, committed 384K, reserved 1048576K
}
Event: 1.444 GC heap before
{Heap before GC invocations=2 (full 0):
 garbage-first heap   total 98304K, used 13362K [0x00000000a1e00000, 0x0000000100000000)
  region size 1024K, 11 young (11264K), 1 survivors (1024K)
 Metaspace       used 5456K, committed 5696K, reserved 1114112K
  class space    used 653K, committed 768K, reserved 1048576K
}
Event: 1.450 GC heap after
{Heap after GC invocations=3 (full 0):
 garbage-first heap   total 98304K, used 3788K [0x00000000a1e00000, 0x0000000100000000)
  region size 1024K, 2 young (2048K), 2 survivors (2048K)
 Metaspace       used 5456K, committed 5696K, reserved 1114112K
  class space    used 653K, committed 768K, reserved 1048576K
}

Deoptimization events (20 events):
Event: 2.439 Thread 0x000001a511d2fea0 Uncommon trap: trap_request=0xffffffc6 fr.pc=0x000001a5211231a0 relative=0x0000000000000440
Event: 2.439 Thread 0x000001a511d2fea0 Uncommon trap: reason=bimorphic_or_optimized_type_check action=maybe_recompile pc=0x000001a5211231a0 method=java.util.HashMap.getNode(Ljava/lang/Object;)Ljava/util/HashMap$Node; @ 63 c2
Event: 2.439 Thread 0x000001a511d2fea0 DEOPT PACKING pc=0x000001a5211231a0 sp=0x000000a4327fe020
Event: 2.439 Thread 0x000001a511d2fea0 DEOPT UNPACKING pc=0x000001a520b723a3 sp=0x000000a4327fdfa8 mode 2
Event: 2.954 Thread 0x000001a511d2fea0 Uncommon trap: trap_request=0xffffffc6 fr.pc=0x000001a5211231a0 relative=0x0000000000000440
Event: 2.954 Thread 0x000001a511d2fea0 Uncommon trap: reason=bimorphic_or_optimized_type_check action=maybe_recompile pc=0x000001a5211231a0 method=java.util.HashMap.getNode(Ljava/lang/Object;)Ljava/util/HashMap$Node; @ 63 c2
Event: 2.954 Thread 0x000001a511d2fea0 DEOPT PACKING pc=0x000001a5211231a0 sp=0x000000a4327fe240
Event: 2.954 Thread 0x000001a511d2fea0 DEOPT UNPACKING pc=0x000001a520b723a3 sp=0x000000a4327fe1b8 mode 2
Event: 2.957 Thread 0x000001a511d2fea0 Uncommon trap: trap_request=0xffffffc6 fr.pc=0x000001a52114bd5c relative=0x000000000000029c
Event: 2.957 Thread 0x000001a511d2fea0 Uncommon trap: reason=bimorphic_or_optimized_type_check action=maybe_recompile pc=0x000001a52114bd5c method=java.util.HashMap.getNode(Ljava/lang/Object;)Ljava/util/HashMap$Node; @ 128 c2
Event: 2.957 Thread 0x000001a511d2fea0 DEOPT PACKING pc=0x000001a52114bd5c sp=0x000000a4327fe110
Event: 2.957 Thread 0x000001a511d2fea0 DEOPT UNPACKING pc=0x000001a520b723a3 sp=0x000000a4327fe018 mode 2
Event: 2.960 Thread 0x000001a511d2fea0 Uncommon trap: trap_request=0xffffffc6 fr.pc=0x000001a5211231a0 relative=0x0000000000000440
Event: 2.960 Thread 0x000001a511d2fea0 Uncommon trap: reason=bimorphic_or_optimized_type_check action=maybe_recompile pc=0x000001a5211231a0 method=java.util.HashMap.getNode(Ljava/lang/Object;)Ljava/util/HashMap$Node; @ 63 c2
Event: 2.960 Thread 0x000001a511d2fea0 DEOPT PACKING pc=0x000001a5211231a0 sp=0x000000a4327fdf90
Event: 2.960 Thread 0x000001a511d2fea0 DEOPT UNPACKING pc=0x000001a520b723a3 sp=0x000000a4327fdf08 mode 2
Event: 2.960 Thread 0x000001a511d2fea0 Uncommon trap: trap_request=0xffffffc6 fr.pc=0x000001a52114bd5c relative=0x000000000000029c
Event: 2.960 Thread 0x000001a511d2fea0 Uncommon trap: reason=bimorphic_or_optimized_type_check action=maybe_recompile pc=0x000001a52114bd5c method=java.util.HashMap.getNode(Ljava/lang/Object;)Ljava/util/HashMap$Node; @ 128 c2
Event: 2.960 Thread 0x000001a511d2fea0 DEOPT PACKING pc=0x000001a52114bd5c sp=0x000000a4327fe110
Event: 2.960 Thread 0x000001a511d2fea0 DEOPT UNPACKING pc=0x000001a520b723a3 sp=0x000000a4327fe018 mode 2

Classes unloaded (0 events):
No events

Classes redefined (0 events):
No events

Internal exceptions (20 events):
Event: 0.304 Thread 0x000001a511d2fea0 Exception <a 'java/lang/NullPointerException'{0x00000000a7918fe0}> (0x00000000a7918fe0) 
thrown [s\open\src\hotspot\share\interpreter\linkResolver.cpp, line 1350]
Event: 0.305 Thread 0x000001a511d2fea0 Exception <a 'java/lang/NullPointerException'{0x00000000a791edc8}> (0x00000000a791edc8) 
thrown [s\open\src\hotspot\share\interpreter\linkResolver.cpp, line 1350]
Event: 0.310 Thread 0x000001a511d2fea0 Exception <a 'java/lang/NullPointerException'{0x00000000a7953c18}> (0x00000000a7953c18) 
thrown [s\open\src\hotspot\share\interpreter\linkResolver.cpp, line 1350]
Event: 0.310 Thread 0x000001a511d2fea0 Exception <a 'java/lang/NullPointerException'{0x00000000a7953ef0}> (0x00000000a7953ef0) 
thrown [s\open\src\hotspot\share\interpreter\linkResolver.cpp, line 1350]
Event: 0.310 Thread 0x000001a511d2fea0 Exception <a 'java/lang/NullPointerException'{0x00000000a79541c8}> (0x00000000a79541c8) 
thrown [s\open\src\hotspot\share\interpreter\linkResolver.cpp, line 1350]
Event: 0.310 Thread 0x000001a511d2fea0 Exception <a 'java/lang/NullPointerException'{0x00000000a79544a0}> (0x00000000a79544a0) 
thrown [s\open\src\hotspot\share\interpreter\linkResolver.cpp, line 1350]
Event: 0.319 Thread 0x000001a511d2fea0 Exception <a 'sun/nio/fs/WindowsException'{0x00000000a7981a40}> (0x00000000a7981a40) 
thrown [s\open\src\hotspot\share\prims\jni.cpp, line 516]
Event: 0.320 Thread 0x000001a511d2fea0 Exception <a 'sun/nio/fs/WindowsException'{0x00000000a79820d8}> (0x00000000a79820d8) 
thrown [s\open\src\hotspot\share\prims\jni.cpp, line 516]
Event: 0.320 Thread 0x000001a511d2fea0 Exception <a 'sun/nio/fs/WindowsException'{0x00000000a7982590}> (0x00000000a7982590) 
thrown [s\open\src\hotspot\share\prims\jni.cpp, line 516]
Event: 0.336 Thread 0x000001a511d2fea0 Exception <a 'java/lang/NoSuchMethodError'{0x00000000a79d3538}: 'void java.lang.invoke.DirectMethodHandle$Holder.invokeStatic(java.lang.Object, java.lang.Object)'> (0x00000000a79d3538) 
thrown [s\open\src\hotspot\share\interpreter\linkResolver.cpp, line 759]
Event: 0.337 Thread 0x000001a511d2fea0 Exception <a 'java/lang/NoSuchMethodError'{0x00000000a79d6e50}: 'void java.lang.invoke.DirectMethodHandle$Holder.invokeStaticInit(java.lang.Object, java.lang.Object)'> (0x00000000a79d6e50) 
thrown [s\open\src\hotspot\share\interpreter\linkResolver.cpp, line 759]
Event: 0.353 Thread 0x000001a511d2fea0 Exception <a 'java/lang/NoSuchMethodError'{0x00000000a7812288}: 'void java.lang.invoke.DirectMethodHandle$Holder.invokeStatic(java.lang.Object, java.lang.Object, java.lang.Object)'> (0x00000000a7812288) 
thrown [s\open\src\hotspot\share\interpreter\linkResolver.cpp, line 759]
Event: 0.489 Thread 0x000001a511d2fea0 Exception <a 'java/lang/NoSuchMethodError'{0x00000000a7da6d60}: 'java.lang.Object java.lang.invoke.DirectMethodHandle$Holder.invokeSpecialIFC(java.lang.Object, java.lang.Object, java.lang.Object, java.lang.Object)'> (0x00000000a7da6d60) 
thrown [s\open\src\hotspot\share\interpreter\linkResolver.cpp, line 759]
Event: 1.039 Thread 0x000001a511d2fea0 Exception <a 'java/lang/NoSuchMethodError'{0x00000000a7b71a48}: 'void java.lang.invoke.DirectMethodHandle$Holder.invokeSpecial(java.lang.Object, java.lang.Object, java.lang.Object)'> (0x00000000a7b71a48) 
thrown [s\open\src\hotspot\share\interpreter\linkResolver.cpp, line 759]
Event: 1.099 Thread 0x000001a511d2fea0 Exception <a 'java/lang/NoSuchMethodError'{0x00000000a7aca3a0}: 'java.lang.Object java.lang.invoke.DirectMethodHandle$Holder.invokeInterface(java.lang.Object, java.lang.Object)'> (0x00000000a7aca3a0) 
thrown [s\open\src\hotspot\share\interpreter\linkResolver.cpp, line 759]
Event: 1.126 Thread 0x000001a511d2fea0 Exception <a 'java/lang/NoSuchMethodError'{0x00000000a7871c50}: 'java.lang.Object java.lang.invoke.Invokers$Holder.invokeExact_MT(java.lang.Object, java.lang.Object, java.lang.Object, java.lang.Object, java.lang.Object, java.lang.Object)'> (0x00000000a7871c50) 
thrown [s\open\src\hotspot\share\interpreter\linkResolver.cpp, line 759]
Event: 1.132 Thread 0x000001a511d2fea0 Exception <a 'java/lang/NoSuchMethodError'{0x00000000a7883160}: 'int java.lang.invoke.DirectMethodHandle$Holder.invokeSpecialIFC(java.lang.Object, java.lang.Object, java.lang.Object, java.lang.Object, java.lang.Object)'> (0x00000000a7883160) 
thrown [s\open\src\hotspot\share\interpreter\linkResolver.cpp, line 759]
Event: 1.224 Thread 0x000001a511d2fea0 Exception <a 'java/lang/NoSuchMethodError'{0x00000000a7621d68}: 'java.lang.Object java.lang.invoke.DirectMethodHandle$Holder.newInvokeSpecial(java.lang.Object, java.lang.Object, java.lang.Object, java.lang.Object, java.lang.Object)'> (0x00000000a7621d68) 
thrown [s\open\src\hotspot\share\interpreter\linkResolver.cpp, line 759]
Event: 1.308 Thread 0x000001a511d2fea0 Exception <a 'java/lang/NoSuchMethodError'{0x00000000a7524e28}: 'int java.lang.invoke.DirectMethodHandle$Holder.invokeStaticInit(java.lang.Object, java.lang.Object)'> (0x00000000a7524e28) 
thrown [s\open\src\hotspot\share\interpreter\linkResolver.cpp, line 759]
Event: 1.330 Thread 0x000001a511d2fea0 Exception <a 'java/lang/NoClassDefFoundError'{0x00000000a755ca80}: javax/enterprise/inject/Typed> (0x00000000a755ca80) 
thrown [s\open\src\hotspot\share\classfile\systemDictionary.cpp, line 245]

VM Operations (20 events):
Event: 0.087 Executing VM operation: HandshakeAllThreads
Event: 0.087 Executing VM operation: HandshakeAllThreads done
Event: 0.282 Executing VM operation: HandshakeAllThreads
Event: 0.282 Executing VM operation: HandshakeAllThreads done
Event: 0.309 Executing VM operation: HandshakeAllThreads
Event: 0.309 Executing VM operation: HandshakeAllThreads done
Event: 0.443 Executing VM operation: G1CollectForAllocation
Event: 0.447 Executing VM operation: G1CollectForAllocation done
Event: 0.526 Executing VM operation: HandshakeAllThreads
Event: 0.526 Executing VM operation: HandshakeAllThreads done
Event: 0.879 Executing VM operation: G1CollectForAllocation
Event: 0.886 Executing VM operation: G1CollectForAllocation done
Event: 1.444 Executing VM operation: G1CollectForAllocation
Event: 1.450 Executing VM operation: G1CollectForAllocation done
Event: 2.458 Executing VM operation: Cleanup
Event: 2.462 Executing VM operation: Cleanup done
Event: 2.514 Executing VM operation: HandshakeAllThreads
Event: 2.514 Executing VM operation: HandshakeAllThreads done
Event: 2.687 Executing VM operation: HandshakeAllThreads
Event: 2.687 Executing VM operation: HandshakeAllThreads done

Events (20 events):
Event: 2.591 loading class java/security/NoSuchAlgorithmException
Event: 2.591 loading class java/security/GeneralSecurityException
Event: 2.591 loading class java/security/GeneralSecurityException done
Event: 2.591 loading class java/security/NoSuchAlgorithmException done
Event: 2.667 loading class java/util/EventObject
Event: 2.667 loading class java/util/EventObject done
Event: 2.762 loading class java/util/concurrent/CompletionService
Event: 2.762 loading class java/util/concurrent/CompletionService done
Event: 3.030 loading class sun/reflect/generics/repository/FieldRepository
Event: 3.031 loading class sun/reflect/generics/repository/FieldRepository done
Event: 3.057 loading class java/io/UncheckedIOException
Event: 3.058 loading class java/io/UncheckedIOException done
Event: 3.077 loading class java/util/concurrent/atomic/AtomicBoolean
Event: 3.085 loading class java/util/concurrent/atomic/AtomicBoolean done
Event: 3.095 loading class java/nio/channels/OverlappingFileLockException
Event: 3.095 loading class java/nio/channels/OverlappingFileLockException done
Event: 3.095 loading class java/nio/channels/FileLock
Event: 3.095 loading class java/nio/channels/FileLock done
Event: 3.208 loading class java/nio/file/AccessDeniedException
Event: 3.208 loading class java/nio/file/AccessDeniedException done


Dynamic libraries:
0x00007ff78f0e0000 - 0x00007ff78f0f0000 	C:\Program Files\Java\jdk-17\bin\java.exe
0x00007ffecf1f0000 - 0x00007ffecf3e8000 	C:\Windows\SYSTEM32\ntdll.dll
0x00007ffecd350000 - 0x00007ffecd40d000 	C:\Windows\System32\KERNEL32.DLL
0x00007ffeccf50000 - 0x00007ffecd246000 	C:\Windows\System32\KERNELBASE.dll
0x00007ffecca00000 - 0x00007ffeccb00000 	C:\Windows\System32\ucrtbase.dll
0x00007ffeb4bf0000 - 0x00007ffeb4c0b000 	C:\Program Files\Java\jdk-17\bin\VCRUNTIME140.dll
0x00007ffea5870000 - 0x00007ffea5889000 	C:\Program Files\Java\jdk-17\bin\jli.dll
0x00007ffece460000 - 0x00007ffece50f000 	C:\Windows\System32\ADVAPI32.dll
0x00007ffecd2b0000 - 0x00007ffecd34e000 	C:\Windows\System32\msvcrt.dll
0x00007ffecd8d0000 - 0x00007ffecd96c000 	C:\Windows\System32\sechost.dll
0x00007ffece630000 - 0x00007ffece756000 	C:\Windows\System32\RPCRT4.dll
0x00007ffecdf50000 - 0x00007ffece0ee000 	C:\Windows\System32\USER32.dll
0x00007ffeccc20000 - 0x00007ffeccc42000 	C:\Windows\System32\win32u.dll
0x00007ffecd970000 - 0x00007ffecd99c000 	C:\Windows\System32\GDI32.dll
0x00007ffeccb00000 - 0x00007ffeccc1a000 	C:\Windows\System32\gdi32full.dll
0x00007ffeb5830000 - 0x00007ffeb5aca000 	C:\Windows\WinSxS\amd64_microsoft.windows.common-controls_6595b64144ccf1df_6.0.19041.3636_none_60b6a03d71f818d5\COMCTL32.dll
0x00007ffecc960000 - 0x00007ffecc9fd000 	C:\Windows\System32\msvcp_win.dll
0x00007ffec2c10000 - 0x00007ffec2c1a000 	C:\Windows\SYSTEM32\VERSION.dll
0x00007ffecd880000 - 0x00007ffecd8b0000 	C:\Windows\System32\IMM32.DLL
0x00007ffeb84e0000 - 0x00007ffeb84ec000 	C:\Program Files\Java\jdk-17\bin\vcruntime140_1.dll
0x00007ffe9ea90000 - 0x00007ffe9eb1e000 	C:\Program Files\Java\jdk-17\bin\msvcp140.dll
0x00007ffe81de0000 - 0x00007ffe829bf000 	C:\Program Files\Java\jdk-17\bin\server\jvm.dll
0x00007ffece2a0000 - 0x00007ffece2a8000 	C:\Windows\System32\PSAPI.DLL
0x00007ffec6860000 - 0x00007ffec6869000 	C:\Windows\SYSTEM32\WSOCK32.dll
0x00007ffece310000 - 0x00007ffece37b000 	C:\Windows\System32\WS2_32.dll
0x00007ffec2be0000 - 0x00007ffec2c07000 	C:\Windows\SYSTEM32\WINMM.dll
0x00007ffeca750000 - 0x00007ffeca762000 	C:\Windows\SYSTEM32\kernel.appcore.dll
0x00007ffeb5fa0000 - 0x00007ffeb5faa000 	C:\Program Files\Java\jdk-17\bin\jimage.dll
0x00007ffebcab0000 - 0x00007ffebcc94000 	C:\Windows\SYSTEM32\DBGHELP.DLL
0x00007ffeb1940000 - 0x00007ffeb1974000 	C:\Windows\SYSTEM32\dbgcore.DLL
0x00007ffecc8d0000 - 0x00007ffecc952000 	C:\Windows\System32\bcryptPrimitives.dll
0x00007ffeb4040000 - 0x00007ffeb4065000 	C:\Program Files\Java\jdk-17\bin\java.dll
0x00007ffea4800000 - 0x00007ffea48d7000 	C:\Program Files\Java\jdk-17\bin\jsvml.dll
0x00007ffece760000 - 0x00007ffeceea5000 	C:\Windows\System32\SHELL32.dll
0x00007ffeca950000 - 0x00007ffecb0eb000 	C:\Windows\SYSTEM32\windows.storage.dll
0x00007ffecdbf0000 - 0x00007ffecdf44000 	C:\Windows\System32\combase.dll
0x00007ffecc160000 - 0x00007ffecc18d000 	C:\Windows\SYSTEM32\Wldp.dll
0x00007ffecef10000 - 0x00007ffecefbd000 	C:\Windows\System32\SHCORE.dll
0x00007ffecd250000 - 0x00007ffecd2a5000 	C:\Windows\System32\shlwapi.dll
0x00007ffecc800000 - 0x00007ffecc825000 	C:\Windows\SYSTEM32\profapi.dll
0x00007ffeb4b60000 - 0x00007ffeb4b79000 	C:\Program Files\Java\jdk-17\bin\net.dll
0x00007ffec36a0000 - 0x00007ffec37aa000 	C:\Windows\SYSTEM32\WINHTTP.dll
0x00007ffecbf40000 - 0x00007ffecbfaa000 	C:\Windows\system32\mswsock.dll
0x00007ffeb47b0000 - 0x00007ffeb47c6000 	C:\Program Files\Java\jdk-17\bin\nio.dll
0x00007ffeb3e90000 - 0x00007ffeb3ea8000 	C:\Program Files\Java\jdk-17\bin\zip.dll
0x00007ffea50f0000 - 0x00007ffea5114000 	C:\Program Files\Apache\maven\lib\jansi-native\Windows\x86_64\jansi.dll
0x00007ffeb4ad0000 - 0x00007ffeb4ae0000 	C:\Program Files\Java\jdk-17\bin\verify.dll

dbghelp: loaded successfully - version: 4.0.5 - missing functions: none
symbol engine: initialized successfully - sym options: 0x614 - pdb path: .;C:\Program Files\Java\jdk-17\bin;C:\Windows\SYSTEM32;C:\Windows\WinSxS\amd64_microsoft.windows.common-controls_6595b64144ccf1df_6.0.19041.3636_none_60b6a03d71f818d5;C:\Program Files\Java\jdk-17\bin\server;C:\Program Files\Apache\maven\lib\jansi-native\Windows\x86_64

VM Arguments:
jvm_args: -Dclassworlds.conf=C:\Program Files\Apache\maven\bin\m2.conf -Dmaven.home=C:\Program Files\Apache\maven -Dlibrary.jansi.path=C:\Program Files\Apache\maven\lib\jansi-native -Dmaven.multiModuleProjectDirectory=D:\PROYECTO-CAC-BACKEND\webapp 
java_command: org.codehaus.plexus.classworlds.launcher.Launcher install -f d:\PROYECTO-CAC-BACKEND\webapp\pom.xml
java_class_path (initial): C:\Program Files\Apache\maven\boot\plexus-classworlds-2.8.0.jar
Launcher Type: SUN_STANDARD

[Global flags]
     intx CICompilerCount                          = 2                                         {product} {ergonomic}
     uint ConcGCThreads                            = 1                                         {product} {ergonomic}
     uint G1ConcRefinementThreads                  = 2                                         {product} {ergonomic}
   size_t G1HeapRegionSize                         = 1048576                                   {product} {ergonomic}
    uintx GCDrainStackTargetSize                   = 64                                        {product} {ergonomic}
   size_t InitialHeapSize                          = 100663296                                 {product} {ergonomic}
   size_t MarkStackSize                            = 4194304                                   {product} {ergonomic}
   size_t MaxHeapSize                              = 1579155456                                {product} {ergonomic}
   size_t MaxNewSize                               = 946864128                                 {product} {ergonomic}
   size_t MinHeapDeltaBytes                        = 1048576                                   {product} {ergonomic}
   size_t MinHeapSize                              = 8388608                                   {product} {ergonomic}
    uintx NonNMethodCodeHeapSize                   = 5826188                                {pd product} {ergonomic}
    uintx NonProfiledCodeHeapSize                  = 122916026                              {pd product} {ergonomic}
    uintx ProfiledCodeHeapSize                     = 122916026                              {pd product} {ergonomic}
    uintx ReservedCodeCacheSize                    = 251658240                              {pd product} {ergonomic}
     bool SegmentedCodeCache                       = true                                      {product} {ergonomic}
   size_t SoftMaxHeapSize                          = 1579155456                             {manageable} {ergonomic}
     bool UseCompressedClassPointers               = true                           {product lp64_product} {ergonomic}
     bool UseCompressedOops                        = true                           {product lp64_product} {ergonomic}
     bool UseG1GC                                  = true                                      {product} {ergonomic}
     bool UseLargePagesIndividualAllocation        = false                                  {pd product} {ergonomic}

Logging:
Log output configuration:
 #0: stdout all=warning uptime,level,tags
 #1: stderr all=off uptime,level,tags

Environment Variables:
JAVA_HOME=C:\Program Files\Java\jdk-17
PATH=C:\Python312\Scripts\;C:\Python312\;C:\Program Files\Common Files\Oracle\Java\javapath;C:\Windows\system32;C:\Windows;C:\Windows\System32\Wbem;C:\Windows\System32\WindowsPowerShell\v1.0\;C:\Windows\System32\OpenSSH\;C:\ProgramData\chocolatey\bin;C:\Program Files\Java\jdk-17\bin;C:\Program Files\nodejs\;C:\SD_CARD\Git\cmd;C:\Program Files\dotnet\;C:\Program Files\Apache\maven\bin;C:\Users\Hp\AppData\Local\Microsoft\WindowsApps;C:\SD_CARD\Microsoft VS Code\bin;D:\sqlite3;D:Program Files\java\jdk-17\bin;;C:\Program Files\JetBrains\IntelliJ IDEA Community Edition 2024.1\bin;;D:\Program Files\JetBrains\DataGrip 2024.1.2\bin;;C:\Users\Hp\AppData\Roaming\npm;C:\Users\Hp\.dotnet\tools
USERNAME=Hp
LANG=en_US.UTF-8
OS=Windows_NT
PROCESSOR_IDENTIFIER=AMD64 Family 23 Model 32 Stepping 1, AuthenticAMD



---------------  S Y S T E M  ---------------

OS:
 Windows 10 , 64 bit Build 19041 (10.0.19041.3636)
OS uptime: 0 days 1:11 hours
Hyper-V role detected

CPU: total 2 (initial active 2) (2 cores per cpu, 1 threads per core) family 23 model 32 stepping 1 microcode 0x0, cx8, cmov, fxsr, mmx, 3dnowpref, sse, sse2, sse3, ssse3, sse4a, sse4.1, sse4.2, popcnt, lzcnt, tsc, tscinvbit, avx, avx2, aes, clmul, bmi1, bmi2, adx, sha, fma, vzeroupper, clflush, clflushopt, hv

Memory: 4k page, system-wide physical 6023M (347M free)
TotalPageFile size 10302M (AvailPageFile size 0M)
current process WorkingSet (physical memory assigned to process): 103M, peak: 103M
current process commit charge ("private bytes"): 193M, peak: 195M

vm_info: Java HotSpot(TM) 64-Bit Server VM (17.0.10+11-LTS-240) for windows-amd64 JRE (17.0.10+11-LTS-240), built on Dec 19 2023 21:47:25 by "mach5one" with MS VC++ 17.1 (VS2022)

END.
